<?xml version="1.0" encoding="UTF-8"?>
<testng-results ignored="0" total="1" passed="1" failed="0" skipped="0">
  <reporter-output>
  </reporter-output>
  <suite started-at="2025-02-28T11:55:20 IST" name="Default suite" finished-at="2025-02-28T11:55:38 IST" duration-ms="17761">
    <groups>
    </groups>
    <test started-at="2025-02-28T11:55:20 IST" name="Default test" finished-at="2025-02-28T11:55:38 IST" duration-ms="17761">
      <class name="IshuSession.ActDragDrop">
        <test-method is-config="true" signature="driverSetup()[pri:0, instance:IshuSession.ActDragDrop@544fa968]" started-at="2025-02-28T11:55:20 IST" name="driverSetup" finished-at="2025-02-28T11:55:28 IST" duration-ms="8196" status="PASS">
          <reporter-output>
          </reporter-output>
        </test-method> <!-- driverSetup -->
        <test-method signature="Selectwithoutselectclass()[pri:1, instance:IshuSession.ActDragDrop@544fa968]" started-at="2025-02-28T11:55:28 IST" name="Selectwithoutselectclass" finished-at="2025-02-28T11:55:36 IST" duration-ms="8206" status="PASS">
          <reporter-output>
          </reporter-output>
        </test-method> <!-- Selectwithoutselectclass -->
        <test-method is-config="true" signature="driverClose()[pri:0, instance:IshuSession.ActDragDrop@544fa968]" started-at="2025-02-28T11:55:36 IST" name="driverClose" finished-at="2025-02-28T11:55:38 IST" duration-ms="1264" status="PASS">
          <reporter-output>
          </reporter-output>
        </test-method> <!-- driverClose -->
      </class> <!-- IshuSession.ActDragDrop -->
    </test> <!-- Default test -->
  </suite> <!-- Default suite -->
</testng-results>
